<?xml version="1.0" encoding="UTF-8"?>
<!-- Generated by org.testng.reporters.JUnitReportReporter -->
<testsuite hostname="Imrans-Macbook-Pro.local" failures="0" tests="1" name="SeleniumFrameworkDesign.Tests.DummyTest" time="0.012" errors="0" timestamp="2025-07-22T23:08:59 IST" skipped="0">
  <testcase classname="SeleniumFrameworkDesign.Tests.DummyTest" name="testDummy" time="0.012"/>
</testsuite> <!-- SeleniumFrameworkDesign.Tests.DummyTest -->
