<?xml version="1.0" encoding="UTF-8"?>
<!-- Generated by org.testng.reporters.JUnitReportReporter -->
<testsuite hostname="Imrans-Macbook-Pro.local" failures="0" tests="1" name="ExtentReportDemo.Reports.ExtentReportsDemo" time="0.017" errors="0" timestamp="2025-07-18T19:47:11 IST" skipped="0">
  <testcase classname="ExtentReportDemo.Reports.ExtentReportsDemo" name="reportDemo" time="0.017"/>
</testsuite> <!-- ExtentReportDemo.Reports.ExtentReportsDemo -->
