<?xml version="1.0" encoding="UTF-8"?>
<!-- Generated by org.testng.reporters.JUnitReportReporter -->
<testsuite hostname="Imrans-Macbook-Pro.local" failures="0" tests="1" name="ExtentReportDemo.Reports.ExtentReportsDemo" time="7.547" errors="0" timestamp="2025-07-19T10:33:40 IST" skipped="0">
  <testcase classname="ExtentReportDemo.Reports.ExtentReportsDemo" name="reportDemo" time="7.547"/>
</testsuite> <!-- ExtentReportDemo.Reports.ExtentReportsDemo -->
