<?xml version="1.0" encoding="UTF-8"?>
<!-- Generated by org.testng.reporters.JUnitReportReporter -->
<testsuite hostname="Imrans-Macbook-Pro.local" failures="0" tests="1" name="SeleniumFrameworkDesign.Tests.Errorvalidation" time="11.869" errors="0" timestamp="2025-07-22T00:40:49 GMT+05:30" skipped="0">
  <testcase classname="SeleniumFrameworkDesign.Tests.Errorvalidation" name="loginErrorValidation" time="11.869"/>
</testsuite> <!-- SeleniumFrameworkDesign.Tests.Errorvalidation -->
